2023-07-12 19:46:56,370 [Worker-3: Loading available Gradle versions] INFO  o.e.b.c.i.u.g.PublishedGradleVersions - Gradle version information cache is up-to-date. Trying to read.
2023-07-12 19:47:44,356 [Worker-4: Importing Maven projects] INFO  o.e.m.c.i.l.LifecycleMappingFactory - Using org.eclipse.m2e.jdt.JarLifecycleMapping lifecycle mapping for MavenProject: com.aduana.uth:almacenaduanas:1.0-SNAPSHOT @ C:\Users\Enuel Cruz\Documents\UTH\UTH II-P-2023\Programación Avanzada 2\II Parcial\almacen-aduanas\pom.xml.
2023-07-12 19:47:56,654 [Worker-4: Importing Maven projects] INFO  org.reflections.Reflections - Reflections took 2585 ms to scan 159 urls, producing 8881 keys and 43652 values
2023-07-12 19:47:56,720 [Worker-4: Importing Maven projects] INFO  c.v.f.s.f.TaskCopyFrontendFiles - Copying frontend resources from jar files ...
2023-07-12 19:47:57,365 [Worker-4: Importing Maven projects] INFO  c.v.f.s.f.TaskCopyFrontendFiles - Visited 158 resources. Took 645 ms.
2023-07-12 19:47:57,614 [Worker-4: Importing Maven projects] INFO  o.e.m.j.i.AbstractJavaProjectConfigurator - Adding source folder /almacenaduanas/src/main/java
2023-07-12 19:47:57,615 [Worker-4: Importing Maven projects] INFO  o.e.m.j.i.AbstractJavaProjectConfigurator - Adding resource folder /almacenaduanas/src/main/resources
2023-07-12 19:47:57,616 [Worker-4: Importing Maven projects] INFO  o.e.m.j.i.AbstractJavaProjectConfigurator - Adding resource folder /almacenaduanas/src/main/resources
2023-07-12 19:47:57,617 [Worker-4: Importing Maven projects] INFO  o.e.m.j.i.AbstractJavaProjectConfigurator - Adding source folder /almacenaduanas/src/test/java
2023-07-12 19:47:58,844 [Worker-4: Importing Maven projects] INFO  o.e.m.c.i.p.ProjectConfigurationManager - Imported and configured 1 project(s) in 16 sec
2023-07-12 19:47:59,633 [Worker-5: Updating Maven Project] INFO  o.e.m.c.i.p.ProjectConfigurationManager - Update started
2023-07-12 19:48:00,490 [Worker-5: Updating Maven Project] INFO  o.e.m.c.i.l.LifecycleMappingFactory - Using org.eclipse.m2e.jdt.JarLifecycleMapping lifecycle mapping for MavenProject: com.aduana.uth:almacenaduanas:1.0-SNAPSHOT @ C:\Users\Enuel Cruz\Documents\UTH\UTH II-P-2023\Programación Avanzada 2\II Parcial\almacen-aduanas\pom.xml.
2023-07-12 19:48:13,141 [Worker-5: Updating Maven Project] INFO  org.reflections.Reflections - Reflections took 2679 ms to scan 159 urls, producing 8881 keys and 43652 values
2023-07-12 19:48:13,195 [Worker-5: Updating Maven Project] INFO  c.v.f.s.f.TaskCopyFrontendFiles - Copying frontend resources from jar files ...
2023-07-12 19:48:13,766 [Worker-5: Updating Maven Project] INFO  c.v.f.s.f.TaskCopyFrontendFiles - Visited 158 resources. Took 569 ms.
2023-07-12 19:48:13,890 [Worker-5: Updating Maven Project] INFO  o.e.m.j.i.AbstractJavaProjectConfigurator - Adding source folder /almacenaduanas/src/main/java
2023-07-12 19:48:13,891 [Worker-5: Updating Maven Project] INFO  o.e.m.j.i.AbstractJavaProjectConfigurator - Adding resource folder /almacenaduanas/src/main/resources
2023-07-12 19:48:13,891 [Worker-5: Updating Maven Project] INFO  o.e.m.j.i.AbstractJavaProjectConfigurator - Adding resource folder /almacenaduanas/src/main/resources
2023-07-12 19:48:13,892 [Worker-5: Updating Maven Project] INFO  o.e.m.j.i.AbstractJavaProjectConfigurator - Adding source folder /almacenaduanas/src/test/java
2023-07-12 19:48:15,602 [Worker-5: Updating Maven Project] INFO  o.e.m.c.i.p.ProjectConfigurationManager - Update completed for 1 poms: local refresh takes 0,00 sec, refresh facades takes 3,00 sec, update config takes 11,00 sec 
2023-07-12 19:48:17,393 [Worker-3: Building] INFO  o.a.m.s.f.DefaultMavenResourcesFiltering - Copying 1 resource from src\main\resources to target\classes
2023-07-12 19:48:17,421 [Worker-3: Building] INFO  o.a.m.s.f.DefaultMavenResourcesFiltering - Copying 4 resources from src\main\resources to target\classes
2023-07-12 19:48:24,239 [Worker-3: Building] INFO  org.reflections.Reflections - Reflections took 2025 ms to scan 159 urls, producing 8881 keys and 43652 values
2023-07-12 19:48:24,253 [Worker-3: Building] INFO  c.v.f.s.f.TaskCopyFrontendFiles - Copying frontend resources from jar files ...
2023-07-12 19:48:24,717 [Worker-3: Building] INFO  c.v.f.s.f.TaskCopyFrontendFiles - Visited 158 resources. Took 464 ms.
2023-07-12 19:48:24,725 [Worker-3: Building] INFO  o.a.m.s.f.DefaultMavenResourcesFiltering - skip non existing resourceDirectory C:\Users\Enuel Cruz\Documents\UTH\UTH II-P-2023\Programación Avanzada 2\II Parcial\almacen-aduanas\src\test\resources
2023-07-12 19:48:25,288 [Worker-9: Launching Executing install in C__Users_Enuel Cruz_Documents_UTH_UTH II-P-2023_Programación Avanzada 2_II Parcial_almacen-aduanas] INFO  o.eclipse.m2e.core.internal.Bundles - getClasspathEntries(Bundle=org.eclipse.m2e.maven.runtime_3.8.701.20230209-1606 [607])
2023-07-12 19:48:25,293 [Worker-9: Launching Executing install in C__Users_Enuel Cruz_Documents_UTH_UTH II-P-2023_Programación Avanzada 2_II Parcial_almacen-aduanas] INFO  o.eclipse.m2e.core.internal.Bundles - 	Entry: C:\Users\Enuel Cruz\.p2\pool\plugins\org.eclipse.m2e.maven.runtime_3.8.701.20230209-1606
2023-07-12 19:48:25,294 [Worker-9: Launching Executing install in C__Users_Enuel Cruz_Documents_UTH_UTH II-P-2023_Programación Avanzada 2_II Parcial_almacen-aduanas] INFO  o.eclipse.m2e.core.internal.Bundles - 	Entry: C:\Users\Enuel Cruz\.p2\pool\plugins\org.eclipse.m2e.maven.runtime_3.8.701.20230209-1606\jars\aether-connector-okhttp-0.17.8.jar
2023-07-12 19:48:25,294 [Worker-9: Launching Executing install in C__Users_Enuel Cruz_Documents_UTH_UTH II-P-2023_Programación Avanzada 2_II Parcial_almacen-aduanas] INFO  o.eclipse.m2e.core.internal.Bundles - 	Entry: C:\Users\Enuel Cruz\.p2\pool\plugins\org.eclipse.m2e.maven.runtime_3.8.701.20230209-1606\jars\commons-lang3-3.8.1.jar
2023-07-12 19:48:25,295 [Worker-9: Launching Executing install in C__Users_Enuel Cruz_Documents_UTH_UTH II-P-2023_Programación Avanzada 2_II Parcial_almacen-aduanas] INFO  o.eclipse.m2e.core.internal.Bundles - 	Entry: C:\Users\Enuel Cruz\.p2\pool\plugins\org.eclipse.m2e.maven.runtime_3.8.701.20230209-1606\jars\guice-4.2.2-no_aop.jar
2023-07-12 19:48:25,295 [Worker-9: Launching Executing install in C__Users_Enuel Cruz_Documents_UTH_UTH II-P-2023_Programación Avanzada 2_II Parcial_almacen-aduanas] INFO  o.eclipse.m2e.core.internal.Bundles - 	Entry: C:\Users\Enuel Cruz\.p2\pool\plugins\org.eclipse.m2e.maven.runtime_3.8.701.20230209-1606\jars\jansi-2.4.0.jar
2023-07-12 19:48:25,295 [Worker-9: Launching Executing install in C__Users_Enuel Cruz_Documents_UTH_UTH II-P-2023_Programación Avanzada 2_II Parcial_almacen-aduanas] INFO  o.eclipse.m2e.core.internal.Bundles - 	Entry: C:\Users\Enuel Cruz\.p2\pool\plugins\org.eclipse.m2e.maven.runtime_3.8.701.20230209-1606\jars\maven-artifact-3.8.7.jar
2023-07-12 19:48:25,296 [Worker-9: Launching Executing install in C__Users_Enuel Cruz_Documents_UTH_UTH II-P-2023_Programación Avanzada 2_II Parcial_almacen-aduanas] INFO  o.eclipse.m2e.core.internal.Bundles - 	Entry: C:\Users\Enuel Cruz\.p2\pool\plugins\org.eclipse.m2e.maven.runtime_3.8.701.20230209-1606\jars\maven-builder-support-3.8.7.jar
2023-07-12 19:48:25,296 [Worker-9: Launching Executing install in C__Users_Enuel Cruz_Documents_UTH_UTH II-P-2023_Programación Avanzada 2_II Parcial_almacen-aduanas] INFO  o.eclipse.m2e.core.internal.Bundles - 	Entry: C:\Users\Enuel Cruz\.p2\pool\plugins\org.eclipse.m2e.maven.runtime_3.8.701.20230209-1606\jars\maven-compat-3.8.7.jar
2023-07-12 19:48:25,296 [Worker-9: Launching Executing install in C__Users_Enuel Cruz_Documents_UTH_UTH II-P-2023_Programación Avanzada 2_II Parcial_almacen-aduanas] INFO  o.eclipse.m2e.core.internal.Bundles - 	Entry: C:\Users\Enuel Cruz\.p2\pool\plugins\org.eclipse.m2e.maven.runtime_3.8.701.20230209-1606\jars\maven-core-3.8.7.jar
2023-07-12 19:48:25,297 [Worker-9: Launching Executing install in C__Users_Enuel Cruz_Documents_UTH_UTH II-P-2023_Programación Avanzada 2_II Parcial_almacen-aduanas] INFO  o.eclipse.m2e.core.internal.Bundles - 	Entry: C:\Users\Enuel Cruz\.p2\pool\plugins\org.eclipse.m2e.maven.runtime_3.8.701.20230209-1606\jars\maven-embedder-3.8.7.jar
2023-07-12 19:48:25,297 [Worker-9: Launching Executing install in C__Users_Enuel Cruz_Documents_UTH_UTH II-P-2023_Programación Avanzada 2_II Parcial_almacen-aduanas] INFO  o.eclipse.m2e.core.internal.Bundles - 	Entry: C:\Users\Enuel Cruz\.p2\pool\plugins\org.eclipse.m2e.maven.runtime_3.8.701.20230209-1606\jars\maven-model-3.8.7.jar
2023-07-12 19:48:25,297 [Worker-9: Launching Executing install in C__Users_Enuel Cruz_Documents_UTH_UTH II-P-2023_Programación Avanzada 2_II Parcial_almacen-aduanas] INFO  o.eclipse.m2e.core.internal.Bundles - 	Entry: C:\Users\Enuel Cruz\.p2\pool\plugins\org.eclipse.m2e.maven.runtime_3.8.701.20230209-1606\jars\maven-model-builder-3.8.7.jar
2023-07-12 19:48:25,297 [Worker-9: Launching Executing install in C__Users_Enuel Cruz_Documents_UTH_UTH II-P-2023_Programación Avanzada 2_II Parcial_almacen-aduanas] INFO  o.eclipse.m2e.core.internal.Bundles - 	Entry: C:\Users\Enuel Cruz\.p2\pool\plugins\org.eclipse.m2e.maven.runtime_3.8.701.20230209-1606\jars\maven-plugin-api-3.8.7.jar
2023-07-12 19:48:25,298 [Worker-9: Launching Executing install in C__Users_Enuel Cruz_Documents_UTH_UTH II-P-2023_Programación Avanzada 2_II Parcial_almacen-aduanas] INFO  o.eclipse.m2e.core.internal.Bundles - 	Entry: C:\Users\Enuel Cruz\.p2\pool\plugins\org.eclipse.m2e.maven.runtime_3.8.701.20230209-1606\jars\maven-repository-metadata-3.8.7.jar
2023-07-12 19:48:25,298 [Worker-9: Launching Executing install in C__Users_Enuel Cruz_Documents_UTH_UTH II-P-2023_Programación Avanzada 2_II Parcial_almacen-aduanas] INFO  o.eclipse.m2e.core.internal.Bundles - 	Entry: C:\Users\Enuel Cruz\.p2\pool\plugins\org.eclipse.m2e.maven.runtime_3.8.701.20230209-1606\jars\maven-resolver-api-1.6.3.jar
2023-07-12 19:48:25,298 [Worker-9: Launching Executing install in C__Users_Enuel Cruz_Documents_UTH_UTH II-P-2023_Programación Avanzada 2_II Parcial_almacen-aduanas] INFO  o.eclipse.m2e.core.internal.Bundles - 	Entry: C:\Users\Enuel Cruz\.p2\pool\plugins\org.eclipse.m2e.maven.runtime_3.8.701.20230209-1606\jars\maven-resolver-connector-basic-1.6.3.jar
2023-07-12 19:48:25,299 [Worker-9: Launching Executing install in C__Users_Enuel Cruz_Documents_UTH_UTH II-P-2023_Programación Avanzada 2_II Parcial_almacen-aduanas] INFO  o.eclipse.m2e.core.internal.Bundles - 	Entry: C:\Users\Enuel Cruz\.p2\pool\plugins\org.eclipse.m2e.maven.runtime_3.8.701.20230209-1606\jars\maven-resolver-impl-1.6.3.jar
2023-07-12 19:48:25,299 [Worker-9: Launching Executing install in C__Users_Enuel Cruz_Documents_UTH_UTH II-P-2023_Programación Avanzada 2_II Parcial_almacen-aduanas] INFO  o.eclipse.m2e.core.internal.Bundles - 	Entry: C:\Users\Enuel Cruz\.p2\pool\plugins\org.eclipse.m2e.maven.runtime_3.8.701.20230209-1606\jars\maven-resolver-provider-3.8.7.jar
2023-07-12 19:48:25,299 [Worker-9: Launching Executing install in C__Users_Enuel Cruz_Documents_UTH_UTH II-P-2023_Programación Avanzada 2_II Parcial_almacen-aduanas] INFO  o.eclipse.m2e.core.internal.Bundles - 	Entry: C:\Users\Enuel Cruz\.p2\pool\plugins\org.eclipse.m2e.maven.runtime_3.8.701.20230209-1606\jars\maven-resolver-spi-1.6.3.jar
2023-07-12 19:48:25,300 [Worker-9: Launching Executing install in C__Users_Enuel Cruz_Documents_UTH_UTH II-P-2023_Programación Avanzada 2_II Parcial_almacen-aduanas] INFO  o.eclipse.m2e.core.internal.Bundles - 	Entry: C:\Users\Enuel Cruz\.p2\pool\plugins\org.eclipse.m2e.maven.runtime_3.8.701.20230209-1606\jars\maven-resolver-transport-wagon-1.6.3.jar
2023-07-12 19:48:25,300 [Worker-9: Launching Executing install in C__Users_Enuel Cruz_Documents_UTH_UTH II-P-2023_Programación Avanzada 2_II Parcial_almacen-aduanas] INFO  o.eclipse.m2e.core.internal.Bundles - 	Entry: C:\Users\Enuel Cruz\.p2\pool\plugins\org.eclipse.m2e.maven.runtime_3.8.701.20230209-1606\jars\maven-resolver-util-1.6.3.jar
2023-07-12 19:48:25,300 [Worker-9: Launching Executing install in C__Users_Enuel Cruz_Documents_UTH_UTH II-P-2023_Programación Avanzada 2_II Parcial_almacen-aduanas] INFO  o.eclipse.m2e.core.internal.Bundles - 	Entry: C:\Users\Enuel Cruz\.p2\pool\plugins\org.eclipse.m2e.maven.runtime_3.8.701.20230209-1606\jars\maven-settings-3.8.7.jar
2023-07-12 19:48:25,301 [Worker-9: Launching Executing install in C__Users_Enuel Cruz_Documents_UTH_UTH II-P-2023_Programación Avanzada 2_II Parcial_almacen-aduanas] INFO  o.eclipse.m2e.core.internal.Bundles - 	Entry: C:\Users\Enuel Cruz\.p2\pool\plugins\org.eclipse.m2e.maven.runtime_3.8.701.20230209-1606\jars\maven-settings-builder-3.8.7.jar
2023-07-12 19:48:25,301 [Worker-9: Launching Executing install in C__Users_Enuel Cruz_Documents_UTH_UTH II-P-2023_Programación Avanzada 2_II Parcial_almacen-aduanas] INFO  o.eclipse.m2e.core.internal.Bundles - 	Entry: C:\Users\Enuel Cruz\.p2\pool\plugins\org.eclipse.m2e.maven.runtime_3.8.701.20230209-1606\jars\maven-shared-utils-3.3.4.jar
2023-07-12 19:48:25,301 [Worker-9: Launching Executing install in C__Users_Enuel Cruz_Documents_UTH_UTH II-P-2023_Programación Avanzada 2_II Parcial_almacen-aduanas] INFO  o.eclipse.m2e.core.internal.Bundles - 	Entry: C:\Users\Enuel Cruz\.p2\pool\plugins\org.eclipse.m2e.maven.runtime_3.8.701.20230209-1606\jars\okhttp-3.14.1.jar
2023-07-12 19:48:25,301 [Worker-9: Launching Executing install in C__Users_Enuel Cruz_Documents_UTH_UTH II-P-2023_Programación Avanzada 2_II Parcial_almacen-aduanas] INFO  o.eclipse.m2e.core.internal.Bundles - 	Entry: C:\Users\Enuel Cruz\.p2\pool\plugins\org.eclipse.m2e.maven.runtime_3.8.701.20230209-1606\jars\okio-1.17.3.jar
2023-07-12 19:48:25,302 [Worker-9: Launching Executing install in C__Users_Enuel Cruz_Documents_UTH_UTH II-P-2023_Programación Avanzada 2_II Parcial_almacen-aduanas] INFO  o.eclipse.m2e.core.internal.Bundles - 	Entry: C:\Users\Enuel Cruz\.p2\pool\plugins\org.eclipse.m2e.maven.runtime_3.8.701.20230209-1606\jars\org.eclipse.sisu.inject-0.3.5.jar
2023-07-12 19:48:25,302 [Worker-9: Launching Executing install in C__Users_Enuel Cruz_Documents_UTH_UTH II-P-2023_Programación Avanzada 2_II Parcial_almacen-aduanas] INFO  o.eclipse.m2e.core.internal.Bundles - 	Entry: C:\Users\Enuel Cruz\.p2\pool\plugins\org.eclipse.m2e.maven.runtime_3.8.701.20230209-1606\jars\org.eclipse.sisu.plexus-0.3.5.jar
2023-07-12 19:48:25,302 [Worker-9: Launching Executing install in C__Users_Enuel Cruz_Documents_UTH_UTH II-P-2023_Programación Avanzada 2_II Parcial_almacen-aduanas] INFO  o.eclipse.m2e.core.internal.Bundles - 	Entry: C:\Users\Enuel Cruz\.p2\pool\plugins\org.eclipse.m2e.maven.runtime_3.8.701.20230209-1606\jars\plexus-build-api-0.0.7.jar
2023-07-12 19:48:25,303 [Worker-9: Launching Executing install in C__Users_Enuel Cruz_Documents_UTH_UTH II-P-2023_Programación Avanzada 2_II Parcial_almacen-aduanas] INFO  o.eclipse.m2e.core.internal.Bundles - 	Entry: C:\Users\Enuel Cruz\.p2\pool\plugins\org.eclipse.m2e.maven.runtime_3.8.701.20230209-1606\jars\plexus-cipher-2.0.jar
2023-07-12 19:48:25,303 [Worker-9: Launching Executing install in C__Users_Enuel Cruz_Documents_UTH_UTH II-P-2023_Programación Avanzada 2_II Parcial_almacen-aduanas] INFO  o.eclipse.m2e.core.internal.Bundles - 	Entry: C:\Users\Enuel Cruz\.p2\pool\plugins\org.eclipse.m2e.maven.runtime_3.8.701.20230209-1606\jars\plexus-classworlds-2.6.0.jar
2023-07-12 19:48:25,303 [Worker-9: Launching Executing install in C__Users_Enuel Cruz_Documents_UTH_UTH II-P-2023_Programación Avanzada 2_II Parcial_almacen-aduanas] INFO  o.eclipse.m2e.core.internal.Bundles - 	Entry: C:\Users\Enuel Cruz\.p2\pool\plugins\org.eclipse.m2e.maven.runtime_3.8.701.20230209-1606\jars\plexus-component-annotations-2.1.0.jar
2023-07-12 19:48:25,304 [Worker-9: Launching Executing install in C__Users_Enuel Cruz_Documents_UTH_UTH II-P-2023_Programación Avanzada 2_II Parcial_almacen-aduanas] INFO  o.eclipse.m2e.core.internal.Bundles - 	Entry: C:\Users\Enuel Cruz\.p2\pool\plugins\org.eclipse.m2e.maven.runtime_3.8.701.20230209-1606\jars\plexus-interpolation-1.26.jar
2023-07-12 19:48:25,304 [Worker-9: Launching Executing install in C__Users_Enuel Cruz_Documents_UTH_UTH II-P-2023_Programación Avanzada 2_II Parcial_almacen-aduanas] INFO  o.eclipse.m2e.core.internal.Bundles - 	Entry: C:\Users\Enuel Cruz\.p2\pool\plugins\org.eclipse.m2e.maven.runtime_3.8.701.20230209-1606\jars\plexus-sec-dispatcher-2.0.jar
2023-07-12 19:48:25,304 [Worker-9: Launching Executing install in C__Users_Enuel Cruz_Documents_UTH_UTH II-P-2023_Programación Avanzada 2_II Parcial_almacen-aduanas] INFO  o.eclipse.m2e.core.internal.Bundles - 	Entry: C:\Users\Enuel Cruz\.p2\pool\plugins\org.eclipse.m2e.maven.runtime_3.8.701.20230209-1606\jars\plexus-utils-3.3.1.jar
2023-07-12 19:48:25,305 [Worker-9: Launching Executing install in C__Users_Enuel Cruz_Documents_UTH_UTH II-P-2023_Programación Avanzada 2_II Parcial_almacen-aduanas] INFO  o.eclipse.m2e.core.internal.Bundles - 	Entry: C:\Users\Enuel Cruz\.p2\pool\plugins\org.eclipse.m2e.maven.runtime_3.8.701.20230209-1606\jars\wagon-file-3.5.3.jar
2023-07-12 19:48:25,305 [Worker-9: Launching Executing install in C__Users_Enuel Cruz_Documents_UTH_UTH II-P-2023_Programación Avanzada 2_II Parcial_almacen-aduanas] INFO  o.eclipse.m2e.core.internal.Bundles - 	Entry: C:\Users\Enuel Cruz\.p2\pool\plugins\org.eclipse.m2e.maven.runtime_3.8.701.20230209-1606\jars\wagon-provider-api-3.5.3.jar
2023-07-12 19:48:25,307 [Worker-9: Launching Executing install in C__Users_Enuel Cruz_Documents_UTH_UTH II-P-2023_Programación Avanzada 2_II Parcial_almacen-aduanas] INFO  o.eclipse.m2e.core.internal.Bundles - getClasspathEntries(Bundle=com.google.guava_31.1.0.jre [11])
2023-07-12 19:48:25,308 [Worker-9: Launching Executing install in C__Users_Enuel Cruz_Documents_UTH_UTH II-P-2023_Programación Avanzada 2_II Parcial_almacen-aduanas] INFO  o.eclipse.m2e.core.internal.Bundles - 	Entry: C:\Users\Enuel Cruz\.p2\pool\plugins\com.google.guava_31.1.0.jre.jar
2023-07-12 19:48:25,308 [Worker-9: Launching Executing install in C__Users_Enuel Cruz_Documents_UTH_UTH II-P-2023_Programación Avanzada 2_II Parcial_almacen-aduanas] INFO  o.eclipse.m2e.core.internal.Bundles - getClasspathEntries(Bundle=slf4j.api_1.7.36 [921])
2023-07-12 19:48:25,310 [Worker-9: Launching Executing install in C__Users_Enuel Cruz_Documents_UTH_UTH II-P-2023_Programación Avanzada 2_II Parcial_almacen-aduanas] INFO  o.eclipse.m2e.core.internal.Bundles - 	Entry: C:\Users\Enuel Cruz\.p2\pool\plugins\slf4j.api_1.7.36.jar
2023-07-12 19:48:25,310 [Worker-9: Launching Executing install in C__Users_Enuel Cruz_Documents_UTH_UTH II-P-2023_Programación Avanzada 2_II Parcial_almacen-aduanas] INFO  o.eclipse.m2e.core.internal.Bundles - getClasspathEntries(Bundle=javax.inject_1.0.0.v20220405-0441 [35])
2023-07-12 19:48:25,312 [Worker-9: Launching Executing install in C__Users_Enuel Cruz_Documents_UTH_UTH II-P-2023_Programación Avanzada 2_II Parcial_almacen-aduanas] INFO  o.eclipse.m2e.core.internal.Bundles - 	Entry: C:\Users\Enuel Cruz\.p2\pool\plugins\javax.inject_1.0.0.v20220405-0441.jar
2023-07-12 19:48:25,312 [Worker-9: Launching Executing install in C__Users_Enuel Cruz_Documents_UTH_UTH II-P-2023_Programación Avanzada 2_II Parcial_almacen-aduanas] INFO  o.eclipse.m2e.core.internal.Bundles - getClasspathEntries(Bundle=javax.annotation_1.3.5.v20221203-1659 [33])
2023-07-12 19:48:25,313 [Worker-9: Launching Executing install in C__Users_Enuel Cruz_Documents_UTH_UTH II-P-2023_Programación Avanzada 2_II Parcial_almacen-aduanas] INFO  o.eclipse.m2e.core.internal.Bundles - 	Entry: C:\Users\Enuel Cruz\.p2\pool\plugins\javax.annotation_1.3.5.v20221203-1659.jar
2023-07-12 19:48:25,314 [Worker-9: Launching Executing install in C__Users_Enuel Cruz_Documents_UTH_UTH II-P-2023_Programación Avanzada 2_II Parcial_almacen-aduanas] INFO  o.eclipse.m2e.core.internal.Bundles - getClasspathEntries(Bundle=org.apache.commons.cli_1.4.0.v20221112-0806 [67])
2023-07-12 19:48:25,316 [Worker-9: Launching Executing install in C__Users_Enuel Cruz_Documents_UTH_UTH II-P-2023_Programación Avanzada 2_II Parcial_almacen-aduanas] INFO  o.eclipse.m2e.core.internal.Bundles - 	Entry: C:\Users\Enuel Cruz\.p2\pool\plugins\org.apache.commons.cli_1.4.0.v20221112-0806.jar
2023-07-12 19:48:25,316 [Worker-9: Launching Executing install in C__Users_Enuel Cruz_Documents_UTH_UTH II-P-2023_Programación Avanzada 2_II Parcial_almacen-aduanas] INFO  o.eclipse.m2e.core.internal.Bundles - getClasspathEntries(Bundle=com.google.guava.failureaccess_1.0.1 [13])
2023-07-12 19:48:25,317 [Worker-9: Launching Executing install in C__Users_Enuel Cruz_Documents_UTH_UTH II-P-2023_Programación Avanzada 2_II Parcial_almacen-aduanas] INFO  o.eclipse.m2e.core.internal.Bundles - 	Entry: C:\Users\Enuel Cruz\.p2\pool\plugins\com.google.guava.failureaccess_1.0.1.jar
2023-07-12 19:48:25,327 [Worker-9: Launching Executing install in C__Users_Enuel Cruz_Documents_UTH_UTH II-P-2023_Programación Avanzada 2_II Parcial_almacen-aduanas] INFO  o.e.m.i.launch.MavenLaunchDelegate - Run build in "C:\Users\Enuel Cruz\Documents\UTH\UTH II-P-2023\Programación Avanzada 2\II Parcial\almacen-aduanas":
2023-07-12 19:48:25,331 [Worker-9: Launching Executing install in C__Users_Enuel Cruz_Documents_UTH_UTH II-P-2023_Programación Avanzada 2_II Parcial_almacen-aduanas] INFO  o.e.m.i.launch.MavenLaunchDelegate -  mvn  -B -Dstyle.color=always install
2023-07-12 19:48:50,877 [Worker-3: Building] INFO  o.a.m.s.f.DefaultMavenResourcesFiltering - Copying 1 resource from src\main\resources to target\classes
2023-07-12 19:48:50,886 [Worker-3: Building] INFO  o.a.m.s.f.DefaultMavenResourcesFiltering - Copying 4 resources from src\main\resources to target\classes
2023-07-12 19:48:50,894 [Worker-3: Building] INFO  o.a.m.s.f.DefaultMavenResourcesFiltering - skip non existing resourceDirectory C:\Users\Enuel Cruz\Documents\UTH\UTH II-P-2023\Programación Avanzada 2\II Parcial\almacen-aduanas\src\test\resources
